{"C:\\Users\\bello\\Documents\\BOW VALLEY\\REACT SODV1253\\Assignment 4\\Movie-Locker2.0\\Movie-Locker\\src\\api\\tmdb.js": {"path":"C:\\Users\\bello\\Documents\\BOW VALLEY\\REACT SODV1253\\Assignment 4\\Movie-Locker2.0\\Movie-Locker\\src\\api\\tmdb.js","statementMap":{"0":{"start":{"line":1,"column":16},"end":{"line":1,"column":null}},"1":{"start":{"line":2,"column":17},"end":{"line":2,"column":null}},"2":{"start":{"line":5,"column":14},"end":{"line":10,"column":null}},"3":{"start":{"line":13,"column":14},"end":{"line":13,"column":30}},"4":{"start":{"line":14,"column":2},"end":{"line":14,"column":null}},"5":{"start":{"line":14,"column":15},"end":{"line":14,"column":null}},"6":{"start":{"line":15,"column":2},"end":{"line":15,"column":null}},"7":{"start":{"line":19,"column":14},"end":{"line":19,"column":76}},"8":{"start":{"line":20,"column":2},"end":{"line":20,"column":null}},"9":{"start":{"line":20,"column":15},"end":{"line":20,"column":null}},"10":{"start":{"line":21,"column":2},"end":{"line":21,"column":null}},"11":{"start":{"line":25,"column":14},"end":{"line":26,"column":null}},"12":{"start":{"line":28,"column":2},"end":{"line":28,"column":null}},"13":{"start":{"line":28,"column":15},"end":{"line":28,"column":null}},"14":{"start":{"line":29,"column":2},"end":{"line":29,"column":null}}},"fnMap":{"0":{"name":"fetchTopRated","decl":{"start":{"line":4,"column":22},"end":{"line":4,"column":36}},"loc":{"start":{"line":4,"column":74},"end":{"line":15,"column":null}},"line":4},"1":{"name":"fetchGenres","decl":{"start":{"line":18,"column":22},"end":{"line":18,"column":36}},"loc":{"start":{"line":18,"column":36},"end":{"line":21,"column":null}},"line":18},"2":{"name":"fetchMovieDetails","decl":{"start":{"line":24,"column":22},"end":{"line":24,"column":40}},"loc":{"start":{"line":24,"column":44},"end":{"line":29,"column":null}},"line":24}},"branchMap":{"0":{"loc":{"start":{"line":4,"column":36},"end":{"line":4,"column":46}},"type":"default-arg","locations":[{"start":{"line":4,"column":43},"end":{"line":4,"column":46}}],"line":4},"1":{"loc":{"start":{"line":4,"column":46},"end":{"line":4,"column":62}},"type":"default-arg","locations":[{"start":{"line":4,"column":56},"end":{"line":4,"column":62}}],"line":4},"2":{"loc":{"start":{"line":4,"column":62},"end":{"line":4,"column":74}},"type":"default-arg","locations":[{"start":{"line":4,"column":70},"end":{"line":4,"column":74}}],"line":4},"3":{"loc":{"start":{"line":5,"column":14},"end":{"line":10,"column":null}},"type":"cond-expr","locations":[{"start":{"line":6,"column":6},"end":{"line":8,"column":null}},{"start":{"line":9,"column":6},"end":{"line":10,"column":null}}],"line":5},"4":{"loc":{"start":{"line":10,"column":8},"end":{"line":10,"column":null}},"type":"cond-expr","locations":[{"start":{"line":10,"column":18},"end":{"line":10,"column":46}},{"start":{"line":10,"column":46},"end":{"line":10,"column":null}}],"line":10},"5":{"loc":{"start":{"line":14,"column":2},"end":{"line":14,"column":null}},"type":"if","locations":[{"start":{"line":14,"column":2},"end":{"line":14,"column":null}},{"start":{},"end":{}}],"line":14},"6":{"loc":{"start":{"line":20,"column":2},"end":{"line":20,"column":null}},"type":"if","locations":[{"start":{"line":20,"column":2},"end":{"line":20,"column":null}},{"start":{},"end":{}}],"line":20},"7":{"loc":{"start":{"line":28,"column":2},"end":{"line":28,"column":null}},"type":"if","locations":[{"start":{"line":28,"column":2},"end":{"line":28,"column":null}},{"start":{},"end":{}}],"line":28}},"s":{"0":1,"1":1,"2":0,"3":0,"4":0,"5":0,"6":0,"7":0,"8":0,"9":0,"10":0,"11":1,"12":0,"13":0,"14":0},"f":{"0":0,"1":0,"2":1},"b":{"0":[0],"1":[0],"2":[0],"3":[0,0],"4":[0,0],"5":[0,0],"6":[0,0],"7":[0,0]},"meta":{"lastBranch":8,"lastFunction":3,"lastStatement":15,"seen":{"s:1:16:1:Infinity":0,"s:2:17:2:Infinity":1,"f:4:22:4:36":0,"b:4:43:4:46":0,"b:4:56:4:62":1,"b:4:70:4:74":2,"s:5:14:10:Infinity":2,"b:6:6:8:Infinity:9:6:10:Infinity":3,"b:10:18:10:46:10:46:10:Infinity":4,"s:13:14:13:30":3,"b:14:2:14:Infinity:undefined:undefined:undefined:undefined":5,"s:14:2:14:Infinity":4,"s:14:15:14:Infinity":5,"s:15:2:15:Infinity":6,"f:18:22:18:36":1,"s:19:14:19:76":7,"b:20:2:20:Infinity:undefined:undefined:undefined:undefined":6,"s:20:2:20:Infinity":8,"s:20:15:20:Infinity":9,"s:21:2:21:Infinity":10,"f:24:22:24:40":2,"s:25:14:26:Infinity":11,"b:28:2:28:Infinity:undefined:undefined:undefined:undefined":7,"s:28:2:28:Infinity":12,"s:28:15:28:Infinity":13,"s:29:2:29:Infinity":14}}}
,"C:\\Users\\bello\\Documents\\BOW VALLEY\\REACT SODV1253\\Assignment 4\\Movie-Locker2.0\\Movie-Locker\\src\\api\\components\\GenreFilter\\GenreFilter.jsx": {"path":"C:\\Users\\bello\\Documents\\BOW VALLEY\\REACT SODV1253\\Assignment 4\\Movie-Locker2.0\\Movie-Locker\\src\\api\\components\\GenreFilter\\GenreFilter.jsx","statementMap":{"0":{"start":{"line":5,"column":4},"end":{"line":5,"column":null}},"1":{"start":{"line":8,"column":2},"end":{"line":19,"column":null}},"2":{"start":{"line":16,"column":8},"end":{"line":18,"column":null}}},"fnMap":{"0":{"name":"GenreFilter","decl":{"start":{"line":3,"column":9},"end":{"line":3,"column":21}},"loc":{"start":{"line":3,"column":58},"end":{"line":19,"column":null}},"line":3},"1":{"name":"handleChange","decl":{"start":{"line":4,"column":11},"end":{"line":4,"column":24}},"loc":{"start":{"line":4,"column":27},"end":{"line":5,"column":null}},"line":4},"2":{"name":"(anonymous_2)","decl":{"start":{"line":15,"column":14},"end":{"line":15,"column":19}},"loc":{"start":{"line":16,"column":8},"end":{"line":18,"column":null}},"line":16}},"branchMap":{},"s":{"0":2,"1":15,"2":16},"f":{"0":15,"1":2,"2":16},"b":{},"meta":{"lastBranch":0,"lastFunction":3,"lastStatement":3,"seen":{"f:3:9:3:21":0,"f:4:11:4:24":1,"s:5:4:5:Infinity":0,"s:8:2:19:Infinity":1,"f:15:14:15:19":2,"s:16:8:18:Infinity":2}}}
,"C:\\Users\\bello\\Documents\\BOW VALLEY\\REACT SODV1253\\Assignment 4\\Movie-Locker2.0\\Movie-Locker\\src\\api\\components\\GenreFilter\\GenreFilter.module.css": {"path":"C:\\Users\\bello\\Documents\\BOW VALLEY\\REACT SODV1253\\Assignment 4\\Movie-Locker2.0\\Movie-Locker\\src\\api\\components\\GenreFilter\\GenreFilter.module.css","statementMap":{},"fnMap":{},"branchMap":{},"s":{},"f":{},"b":{},"meta":{"lastBranch":0,"lastFunction":0,"lastStatement":0,"seen":{}}}
,"C:\\Users\\bello\\Documents\\BOW VALLEY\\REACT SODV1253\\Assignment 4\\Movie-Locker2.0\\Movie-Locker\\src\\api\\components\\MovieCard\\MovieCard.jsx": {"path":"C:\\Users\\bello\\Documents\\BOW VALLEY\\REACT SODV1253\\Assignment 4\\Movie-Locker2.0\\Movie-Locker\\src\\api\\components\\MovieCard\\MovieCard.jsx","statementMap":{"0":{"start":{"line":5,"column":17},"end":{"line":5,"column":45}},"1":{"start":{"line":7,"column":20},"end":{"line":9,"column":null}},"2":{"start":{"line":11,"column":15},"end":{"line":13,"column":null}},"3":{"start":{"line":15,"column":2},"end":{"line":38,"column":null}},"4":{"start":{"line":28,"column":22},"end":{"line":28,"column":null}}},"fnMap":{"0":{"name":"MovieCard","decl":{"start":{"line":4,"column":9},"end":{"line":4,"column":19}},"loc":{"start":{"line":4,"column":39},"end":{"line":38,"column":null}},"line":4},"1":{"name":"(anonymous_1)","decl":{"start":{"line":28,"column":8},"end":{"line":28,"column":22}},"loc":{"start":{"line":28,"column":22},"end":{"line":28,"column":null}},"line":28}},"branchMap":{"0":{"loc":{"start":{"line":7,"column":20},"end":{"line":9,"column":null}},"type":"cond-expr","locations":[{"start":{"line":8,"column":6},"end":{"line":8,"column":null}},{"start":{"line":9,"column":6},"end":{"line":9,"column":null}}],"line":7},"1":{"loc":{"start":{"line":11,"column":15},"end":{"line":13,"column":null}},"type":"cond-expr","locations":[{"start":{"line":12,"column":6},"end":{"line":12,"column":48}},{"start":{"line":13,"column":6},"end":{"line":13,"column":null}}],"line":11},"2":{"loc":{"start":{"line":17,"column":35},"end":{"line":17,"column":null}},"type":"cond-expr","locations":[{"start":{"line":17,"column":44},"end":{"line":17,"column":60}},{"start":{"line":17,"column":60},"end":{"line":17,"column":null}}],"line":17},"3":{"loc":{"start":{"line":32,"column":7},"end":{"line":32,"column":null}},"type":"binary-expr","locations":[{"start":{"line":32,"column":7},"end":{"line":32,"column":18}},{"start":{"line":32,"column":18},"end":{"line":32,"column":null}}],"line":32}},"s":{"0":8,"1":8,"2":8,"3":8,"4":0},"f":{"0":8,"1":0},"b":{"0":[8,0],"1":[8,0],"2":[0,8],"3":[8,8]},"meta":{"lastBranch":4,"lastFunction":2,"lastStatement":5,"seen":{"f:4:9:4:19":0,"s:5:17:5:45":0,"s:7:20:9:Infinity":1,"b:8:6:8:Infinity:9:6:9:Infinity":0,"s:11:15:13:Infinity":2,"b:12:6:12:48:13:6:13:Infinity":1,"s:15:2:38:Infinity":3,"b:17:44:17:60:17:60:17:Infinity":2,"f:28:8:28:22":1,"s:28:22:28:Infinity":4,"b:32:7:32:18:32:18:32:Infinity":3}}}
,"C:\\Users\\bello\\Documents\\BOW VALLEY\\REACT SODV1253\\Assignment 4\\Movie-Locker2.0\\Movie-Locker\\src\\api\\components\\MovieCard\\MovieCard.module.css": {"path":"C:\\Users\\bello\\Documents\\BOW VALLEY\\REACT SODV1253\\Assignment 4\\Movie-Locker2.0\\Movie-Locker\\src\\api\\components\\MovieCard\\MovieCard.module.css","statementMap":{},"fnMap":{},"branchMap":{},"s":{},"f":{},"b":{},"meta":{"lastBranch":0,"lastFunction":0,"lastStatement":0,"seen":{}}}
,"C:\\Users\\bello\\Documents\\BOW VALLEY\\REACT SODV1253\\Assignment 4\\Movie-Locker2.0\\Movie-Locker\\src\\api\\components\\MovieDetailsModal\\MovieDetailsModal.jsx": {"path":"C:\\Users\\bello\\Documents\\BOW VALLEY\\REACT SODV1253\\Assignment 4\\Movie-Locker2.0\\Movie-Locker\\src\\api\\components\\MovieDetailsModal\\MovieDetailsModal.jsx","statementMap":{"0":{"start":{"line":6,"column":18},"end":{"line":6,"column":55}},"1":{"start":{"line":9,"column":16},"end":{"line":9,"column":42}},"2":{"start":{"line":10,"column":18},"end":{"line":10,"column":47}},"3":{"start":{"line":11,"column":16},"end":{"line":11,"column":40}},"4":{"start":{"line":13,"column":2},"end":{"line":40,"column":null}},"5":{"start":{"line":14,"column":20},"end":{"line":14,"column":null}},"6":{"start":{"line":16,"column":29},"end":{"line":30,"column":null}},"7":{"start":{"line":17,"column":6},"end":{"line":17,"column":null}},"8":{"start":{"line":18,"column":6},"end":{"line":18,"column":null}},"9":{"start":{"line":19,"column":6},"end":{"line":30,"column":null}},"10":{"start":{"line":20,"column":21},"end":{"line":20,"column":53}},"11":{"start":{"line":21,"column":8},"end":{"line":22,"column":null}},"12":{"start":{"line":22,"column":10},"end":{"line":22,"column":null}},"13":{"start":{"line":25,"column":8},"end":{"line":26,"column":null}},"14":{"start":{"line":26,"column":10},"end":{"line":26,"column":null}},"15":{"start":{"line":29,"column":8},"end":{"line":30,"column":null}},"16":{"start":{"line":30,"column":10},"end":{"line":30,"column":null}},"17":{"start":{"line":35,"column":4},"end":{"line":35,"column":null}},"18":{"start":{"line":37,"column":4},"end":{"line":38,"column":null}},"19":{"start":{"line":38,"column":6},"end":{"line":38,"column":null}},"20":{"start":{"line":43,"column":4},"end":{"line":43,"column":null}},"21":{"start":{"line":43,"column":38},"end":{"line":43,"column":null}},"22":{"start":{"line":46,"column":2},"end":{"line":46,"column":null}},"23":{"start":{"line":46,"column":18},"end":{"line":46,"column":null}},"24":{"start":{"line":48,"column":2},"end":{"line":82,"column":null}},"25":{"start":{"line":72,"column":16},"end":{"line":74,"column":null}}},"fnMap":{"0":{"name":"MovieDetailsModal","decl":{"start":{"line":8,"column":9},"end":{"line":8,"column":27}},"loc":{"start":{"line":8,"column":49},"end":{"line":82,"column":null}},"line":8},"1":{"name":"(anonymous_1)","decl":{"start":{"line":13,"column":2},"end":{"line":13,"column":18}},"loc":{"start":{"line":13,"column":18},"end":{"line":40,"column":6}},"line":13},"2":{"name":"(anonymous_2)","decl":{"start":{"line":16,"column":29},"end":{"line":16,"column":41}},"loc":{"start":{"line":16,"column":41},"end":{"line":30,"column":null}},"line":16},"3":{"name":"(anonymous_3)","decl":{"start":{"line":37,"column":4},"end":{"line":37,"column":17}},"loc":{"start":{"line":37,"column":17},"end":{"line":38,"column":null}},"line":37},"4":{"name":"handleBackdropClick","decl":{"start":{"line":42,"column":11},"end":{"line":42,"column":31}},"loc":{"start":{"line":42,"column":34},"end":{"line":43,"column":null}},"line":42},"5":{"name":"(anonymous_5)","decl":{"start":{"line":71,"column":56},"end":{"line":71,"column":61}},"loc":{"start":{"line":72,"column":16},"end":{"line":74,"column":null}},"line":72}},"branchMap":{"0":{"loc":{"start":{"line":21,"column":8},"end":{"line":22,"column":null}},"type":"if","locations":[{"start":{"line":21,"column":8},"end":{"line":22,"column":null}},{"start":{},"end":{}}],"line":21},"1":{"loc":{"start":{"line":25,"column":8},"end":{"line":26,"column":null}},"type":"if","locations":[{"start":{"line":25,"column":8},"end":{"line":26,"column":null}},{"start":{},"end":{}}],"line":25},"2":{"loc":{"start":{"line":29,"column":8},"end":{"line":30,"column":null}},"type":"if","locations":[{"start":{"line":29,"column":8},"end":{"line":30,"column":null}},{"start":{},"end":{}}],"line":29},"3":{"loc":{"start":{"line":43,"column":4},"end":{"line":43,"column":null}},"type":"if","locations":[{"start":{"line":43,"column":4},"end":{"line":43,"column":null}},{"start":{},"end":{}}],"line":43},"4":{"loc":{"start":{"line":46,"column":2},"end":{"line":46,"column":null}},"type":"if","locations":[{"start":{"line":46,"column":2},"end":{"line":46,"column":null}},{"start":{},"end":{}}],"line":46},"5":{"loc":{"start":{"line":55,"column":9},"end":{"line":55,"column":null}},"type":"binary-expr","locations":[{"start":{"line":55,"column":9},"end":{"line":55,"column":20}},{"start":{"line":55,"column":20},"end":{"line":55,"column":null}}],"line":55},"6":{"loc":{"start":{"line":56,"column":9},"end":{"line":56,"column":null}},"type":"binary-expr","locations":[{"start":{"line":56,"column":9},"end":{"line":56,"column":18}},{"start":{"line":56,"column":18},"end":{"line":56,"column":null}}],"line":56},"7":{"loc":{"start":{"line":58,"column":9},"end":{"line":77,"column":null}},"type":"binary-expr","locations":[{"start":{"line":58,"column":9},"end":{"line":58,"column":null}},{"start":{"line":59,"column":10},"end":{"line":77,"column":null}}],"line":58},"8":{"loc":{"start":{"line":71,"column":16},"end":{"line":71,"column":41}},"type":"binary-expr","locations":[{"start":{"line":71,"column":16},"end":{"line":71,"column":39}},{"start":{"line":71,"column":39},"end":{"line":71,"column":41}}],"line":71}},"s":{"0":2,"1":2,"2":2,"3":2,"4":2,"5":1,"6":1,"7":1,"8":1,"9":1,"10":1,"11":0,"12":0,"13":0,"14":0,"15":0,"16":0,"17":1,"18":1,"19":1,"20":0,"21":0,"22":2,"23":2,"24":0,"25":0},"f":{"0":2,"1":1,"2":1,"3":1,"4":0,"5":0},"b":{"0":[0,0],"1":[0,0],"2":[0,0],"3":[0,0],"4":[2,0],"5":[0,0],"6":[2,0],"7":[2,0],"8":[0,0]},"meta":{"lastBranch":9,"lastFunction":6,"lastStatement":26,"seen":{"s:6:18:6:55":0,"f:8:9:8:27":0,"s:9:16:9:42":1,"s:10:18:10:47":2,"s:11:16:11:40":3,"s:13:2:40:Infinity":4,"f:13:2:13:18":1,"s:14:20:14:Infinity":5,"s:16:29:30:Infinity":6,"f:16:29:16:41":2,"s:17:6:17:Infinity":7,"s:18:6:18:Infinity":8,"s:19:6:30:Infinity":9,"s:20:21:20:53":10,"b:21:8:22:Infinity:undefined:undefined:undefined:undefined":0,"s:21:8:22:Infinity":11,"s:22:10:22:Infinity":12,"b:25:8:26:Infinity:undefined:undefined:undefined:undefined":1,"s:25:8:26:Infinity":13,"s:26:10:26:Infinity":14,"b:29:8:30:Infinity:undefined:undefined:undefined:undefined":2,"s:29:8:30:Infinity":15,"s:30:10:30:Infinity":16,"s:35:4:35:Infinity":17,"s:37:4:38:Infinity":18,"f:37:4:37:17":3,"s:38:6:38:Infinity":19,"f:42:11:42:31":4,"b:43:4:43:Infinity:undefined:undefined:undefined:undefined":3,"s:43:4:43:Infinity":20,"s:43:38:43:Infinity":21,"b:46:2:46:Infinity:undefined:undefined:undefined:undefined":4,"s:46:2:46:Infinity":22,"s:46:18:46:Infinity":23,"s:48:2:82:Infinity":24,"b:55:9:55:20:55:20:55:Infinity":5,"b:56:9:56:18:56:18:56:Infinity":6,"b:58:9:58:Infinity:59:10:77:Infinity":7,"b:71:16:71:39:71:39:71:41":8,"f:71:56:71:61":5,"s:72:16:74:Infinity":25}}}
,"C:\\Users\\bello\\Documents\\BOW VALLEY\\REACT SODV1253\\Assignment 4\\Movie-Locker2.0\\Movie-Locker\\src\\api\\components\\MovieDetailsModal\\MovieDetailsModal.module.css": {"path":"C:\\Users\\bello\\Documents\\BOW VALLEY\\REACT SODV1253\\Assignment 4\\Movie-Locker2.0\\Movie-Locker\\src\\api\\components\\MovieDetailsModal\\MovieDetailsModal.module.css","statementMap":{},"fnMap":{},"branchMap":{},"s":{},"f":{},"b":{},"meta":{"lastBranch":0,"lastFunction":0,"lastStatement":0,"seen":{}}}
,"C:\\Users\\bello\\Documents\\BOW VALLEY\\REACT SODV1253\\Assignment 4\\Movie-Locker2.0\\Movie-Locker\\src\\api\\components\\MovieList\\MovieList.jsx": {"path":"C:\\Users\\bello\\Documents\\BOW VALLEY\\REACT SODV1253\\Assignment 4\\Movie-Locker2.0\\Movie-Locker\\src\\api\\components\\MovieList\\MovieList.jsx","statementMap":{"0":{"start":{"line":6,"column":4},"end":{"line":7,"column":null}},"1":{"start":{"line":7,"column":6},"end":{"line":7,"column":null}},"2":{"start":{"line":11,"column":2},"end":{"line":20,"column":null}},"3":{"start":{"line":14,"column":8},"end":{"line":18,"column":null}},"4":{"start":{"line":17,"column":25},"end":{"line":17,"column":null}}},"fnMap":{"0":{"name":"MovieList","decl":{"start":{"line":4,"column":9},"end":{"line":4,"column":19}},"loc":{"start":{"line":4,"column":45},"end":{"line":20,"column":null}},"line":4},"1":{"name":"handleMovieClick","decl":{"start":{"line":5,"column":11},"end":{"line":5,"column":28}},"loc":{"start":{"line":5,"column":37},"end":{"line":7,"column":null}},"line":5},"2":{"name":"(anonymous_2)","decl":{"start":{"line":13,"column":14},"end":{"line":13,"column":19}},"loc":{"start":{"line":14,"column":8},"end":{"line":18,"column":null}},"line":14},"3":{"name":"(anonymous_3)","decl":{"start":{"line":17,"column":10},"end":{"line":17,"column":25}},"loc":{"start":{"line":17,"column":25},"end":{"line":17,"column":null}},"line":17}},"branchMap":{"0":{"loc":{"start":{"line":6,"column":4},"end":{"line":7,"column":null}},"type":"if","locations":[{"start":{"line":6,"column":4},"end":{"line":7,"column":null}},{"start":{},"end":{}}],"line":6}},"s":{"0":0,"1":0,"2":14,"3":6,"4":0},"f":{"0":14,"1":0,"2":6,"3":0},"b":{"0":[0,0]},"meta":{"lastBranch":1,"lastFunction":4,"lastStatement":5,"seen":{"f:4:9:4:19":0,"f:5:11:5:28":1,"b:6:4:7:Infinity:undefined:undefined:undefined:undefined":0,"s:6:4:7:Infinity":0,"s:7:6:7:Infinity":1,"s:11:2:20:Infinity":2,"f:13:14:13:19":2,"s:14:8:18:Infinity":3,"f:17:10:17:25":3,"s:17:25:17:Infinity":4}}}
,"C:\\Users\\bello\\Documents\\BOW VALLEY\\REACT SODV1253\\Assignment 4\\Movie-Locker2.0\\Movie-Locker\\src\\api\\components\\MovieList\\MovieList.module.css": {"path":"C:\\Users\\bello\\Documents\\BOW VALLEY\\REACT SODV1253\\Assignment 4\\Movie-Locker2.0\\Movie-Locker\\src\\api\\components\\MovieList\\MovieList.module.css","statementMap":{},"fnMap":{},"branchMap":{},"s":{},"f":{},"b":{},"meta":{"lastBranch":0,"lastFunction":0,"lastStatement":0,"seen":{}}}
,"C:\\Users\\bello\\Documents\\BOW VALLEY\\REACT SODV1253\\Assignment 4\\Movie-Locker2.0\\Movie-Locker\\src\\api\\components\\Pagination\\Pagination.jsx": {"path":"C:\\Users\\bello\\Documents\\BOW VALLEY\\REACT SODV1253\\Assignment 4\\Movie-Locker2.0\\Movie-Locker\\src\\api\\components\\Pagination\\Pagination.jsx","statementMap":{"0":{"start":{"line":5,"column":4},"end":{"line":5,"column":null}},"1":{"start":{"line":5,"column":25},"end":{"line":5,"column":null}},"2":{"start":{"line":9,"column":4},"end":{"line":9,"column":null}},"3":{"start":{"line":9,"column":34},"end":{"line":9,"column":null}},"4":{"start":{"line":12,"column":2},"end":{"line":22,"column":null}}},"fnMap":{"0":{"name":"Pagination","decl":{"start":{"line":3,"column":9},"end":{"line":3,"column":20}},"loc":{"start":{"line":3,"column":63},"end":{"line":22,"column":null}},"line":3},"1":{"name":"handlePrev","decl":{"start":{"line":4,"column":11},"end":{"line":4,"column":24}},"loc":{"start":{"line":4,"column":24},"end":{"line":5,"column":null}},"line":4},"2":{"name":"handleNext","decl":{"start":{"line":8,"column":11},"end":{"line":8,"column":24}},"loc":{"start":{"line":8,"column":24},"end":{"line":9,"column":null}},"line":8}},"branchMap":{"0":{"loc":{"start":{"line":5,"column":4},"end":{"line":5,"column":null}},"type":"if","locations":[{"start":{"line":5,"column":4},"end":{"line":5,"column":null}},{"start":{},"end":{}}],"line":5},"1":{"loc":{"start":{"line":9,"column":4},"end":{"line":9,"column":null}},"type":"if","locations":[{"start":{"line":9,"column":4},"end":{"line":9,"column":null}},{"start":{},"end":{}}],"line":9}},"s":{"0":0,"1":0,"2":0,"3":0,"4":13},"f":{"0":13,"1":0,"2":0},"b":{"0":[0,0],"1":[0,0]},"meta":{"lastBranch":2,"lastFunction":3,"lastStatement":5,"seen":{"f:3:9:3:20":0,"f:4:11:4:24":1,"b:5:4:5:Infinity:undefined:undefined:undefined:undefined":0,"s:5:4:5:Infinity":0,"s:5:25:5:Infinity":1,"f:8:11:8:24":2,"b:9:4:9:Infinity:undefined:undefined:undefined:undefined":1,"s:9:4:9:Infinity":2,"s:9:34:9:Infinity":3,"s:12:2:22:Infinity":4}}}
,"C:\\Users\\bello\\Documents\\BOW VALLEY\\REACT SODV1253\\Assignment 4\\Movie-Locker2.0\\Movie-Locker\\src\\api\\components\\Pagination\\Pagination.module.css": {"path":"C:\\Users\\bello\\Documents\\BOW VALLEY\\REACT SODV1253\\Assignment 4\\Movie-Locker2.0\\Movie-Locker\\src\\api\\components\\Pagination\\Pagination.module.css","statementMap":{},"fnMap":{},"branchMap":{},"s":{},"f":{},"b":{},"meta":{"lastBranch":0,"lastFunction":0,"lastStatement":0,"seen":{}}}
,"C:\\Users\\bello\\Documents\\BOW VALLEY\\REACT SODV1253\\Assignment 4\\Movie-Locker2.0\\Movie-Locker\\src\\api\\components\\SearchBar\\SearchBar.jsx": {"path":"C:\\Users\\bello\\Documents\\BOW VALLEY\\REACT SODV1253\\Assignment 4\\Movie-Locker2.0\\Movie-Locker\\src\\api\\components\\SearchBar\\SearchBar.jsx","statementMap":{"0":{"start":{"line":5,"column":22},"end":{"line":5,"column":null}},"1":{"start":{"line":7,"column":4},"end":{"line":8,"column":null}},"2":{"start":{"line":8,"column":6},"end":{"line":8,"column":null}},"3":{"start":{"line":11,"column":4},"end":{"line":12,"column":null}},"4":{"start":{"line":12,"column":6},"end":{"line":12,"column":null}},"5":{"start":{"line":16,"column":2},"end":{"line":23,"column":null}}},"fnMap":{"0":{"name":"SearchBar","decl":{"start":{"line":3,"column":9},"end":{"line":3,"column":19}},"loc":{"start":{"line":3,"column":69},"end":{"line":23,"column":null}},"line":3},"1":{"name":"handleChange","decl":{"start":{"line":4,"column":11},"end":{"line":4,"column":24}},"loc":{"start":{"line":4,"column":27},"end":{"line":12,"column":null}},"line":4}},"branchMap":{"0":{"loc":{"start":{"line":3,"column":28},"end":{"line":3,"column":47}},"type":"default-arg","locations":[{"start":{"line":3,"column":43},"end":{"line":3,"column":47}}],"line":3},"1":{"loc":{"start":{"line":7,"column":4},"end":{"line":8,"column":null}},"type":"if","locations":[{"start":{"line":7,"column":4},"end":{"line":8,"column":null}},{"start":{},"end":{}}],"line":7},"2":{"loc":{"start":{"line":11,"column":4},"end":{"line":12,"column":null}},"type":"if","locations":[{"start":{"line":11,"column":4},"end":{"line":12,"column":null}},{"start":{},"end":{}}],"line":11},"3":{"loc":{"start":{"line":21,"column":13},"end":{"line":21,"column":null}},"type":"binary-expr","locations":[{"start":{"line":21,"column":13},"end":{"line":21,"column":22}},{"start":{"line":21,"column":22},"end":{"line":21,"column":null}}],"line":21}},"s":{"0":2,"1":2,"2":0,"3":2,"4":2,"5":14},"f":{"0":14,"1":2},"b":{"0":[14],"1":[0,2],"2":[2,0],"3":[14,14]},"meta":{"lastBranch":4,"lastFunction":2,"lastStatement":6,"seen":{"f:3:9:3:19":0,"b:3:43:3:47":0,"f:4:11:4:24":1,"s:5:22:5:Infinity":0,"b:7:4:8:Infinity:undefined:undefined:undefined:undefined":1,"s:7:4:8:Infinity":1,"s:8:6:8:Infinity":2,"b:11:4:12:Infinity:undefined:undefined:undefined:undefined":2,"s:11:4:12:Infinity":3,"s:12:6:12:Infinity":4,"s:16:2:23:Infinity":5,"b:21:13:21:22:21:22:21:Infinity":3}}}
,"C:\\Users\\bello\\Documents\\BOW VALLEY\\REACT SODV1253\\Assignment 4\\Movie-Locker2.0\\Movie-Locker\\src\\api\\components\\SearchBar\\SearchBar.module.css": {"path":"C:\\Users\\bello\\Documents\\BOW VALLEY\\REACT SODV1253\\Assignment 4\\Movie-Locker2.0\\Movie-Locker\\src\\api\\components\\SearchBar\\SearchBar.module.css","statementMap":{},"fnMap":{},"branchMap":{},"s":{},"f":{},"b":{},"meta":{"lastBranch":0,"lastFunction":0,"lastStatement":0,"seen":{}}}
,"C:\\Users\\bello\\Documents\\BOW VALLEY\\REACT SODV1253\\Assignment 4\\Movie-Locker2.0\\Movie-Locker\\src\\api\\pages\\HomePage\\HomePage.jsx": {"path":"C:\\Users\\bello\\Documents\\BOW VALLEY\\REACT SODV1253\\Assignment 4\\Movie-Locker2.0\\Movie-Locker\\src\\api\\pages\\HomePage\\HomePage.jsx","statementMap":{"0":{"start":{"line":14,"column":17},"end":{"line":14,"column":42}},"1":{"start":{"line":15,"column":17},"end":{"line":15,"column":42}},"2":{"start":{"line":16,"column":20},"end":{"line":16,"column":48}},"3":{"start":{"line":17,"column":21},"end":{"line":17,"column":49}},"4":{"start":{"line":19,"column":23},"end":{"line":19,"column":59}},"5":{"start":{"line":20,"column":8},"end":{"line":20,"column":32}},"6":{"start":{"line":21,"column":10},"end":{"line":21,"column":28}},"7":{"start":{"line":23,"column":15},"end":{"line":23,"column":null}},"8":{"start":{"line":24,"column":18},"end":{"line":24,"column":null}},"9":{"start":{"line":25,"column":16},"end":{"line":25,"column":null}},"10":{"start":{"line":26,"column":21},"end":{"line":26,"column":null}},"11":{"start":{"line":27,"column":18},"end":{"line":27,"column":null}},"12":{"start":{"line":30,"column":2},"end":{"line":32,"column":null}},"13":{"start":{"line":31,"column":4},"end":{"line":31,"column":null}},"14":{"start":{"line":31,"column":33},"end":{"line":31,"column":55}},"15":{"start":{"line":35,"column":2},"end":{"line":48,"column":null}},"16":{"start":{"line":36,"column":30},"end":{"line":36,"column":null}},"17":{"start":{"line":37,"column":4},"end":{"line":47,"column":null}},"18":{"start":{"line":39,"column":8},"end":{"line":39,"column":null}},"19":{"start":{"line":40,"column":8},"end":{"line":40,"column":null}},"20":{"start":{"line":41,"column":8},"end":{"line":41,"column":null}},"21":{"start":{"line":44,"column":8},"end":{"line":44,"column":null}},"22":{"start":{"line":45,"column":8},"end":{"line":45,"column":null}},"23":{"start":{"line":46,"column":8},"end":{"line":46,"column":null}},"24":{"start":{"line":52,"column":4},"end":{"line":52,"column":null}},"25":{"start":{"line":56,"column":4},"end":{"line":56,"column":null}},"26":{"start":{"line":59,"column":2},"end":{"line":101,"column":null}},"27":{"start":{"line":74,"column":12},"end":{"line":74,"column":null}},"28":{"start":{"line":82,"column":12},"end":{"line":82,"column":null}},"29":{"start":{"line":95,"column":10},"end":{"line":95,"column":null}}},"fnMap":{"0":{"name":"HomePage","decl":{"start":{"line":13,"column":9},"end":{"line":13,"column":20}},"loc":{"start":{"line":13,"column":20},"end":{"line":101,"column":null}},"line":13},"1":{"name":"(anonymous_1)","decl":{"start":{"line":30,"column":2},"end":{"line":30,"column":18}},"loc":{"start":{"line":30,"column":18},"end":{"line":32,"column":7}},"line":30},"2":{"name":"(anonymous_2)","decl":{"start":{"line":31,"column":18},"end":{"line":31,"column":24}},"loc":{"start":{"line":31,"column":33},"end":{"line":31,"column":55}},"line":31},"3":{"name":"(anonymous_3)","decl":{"start":{"line":35,"column":2},"end":{"line":35,"column":18}},"loc":{"start":{"line":35,"column":18},"end":{"line":48,"column":6}},"line":35},"4":{"name":"(anonymous_4)","decl":{"start":{"line":38,"column":7},"end":{"line":38,"column":13}},"loc":{"start":{"line":38,"column":22},"end":{"line":42,"column":null}},"line":38},"5":{"name":"(anonymous_5)","decl":{"start":{"line":43,"column":7},"end":{"line":43,"column":19}},"loc":{"start":{"line":43,"column":19},"end":{"line":47,"column":null}},"line":43},"6":{"name":"closeModal","decl":{"start":{"line":51,"column":11},"end":{"line":51,"column":24}},"loc":{"start":{"line":51,"column":24},"end":{"line":52,"column":null}},"line":51},"7":{"name":"handleMovieClick","decl":{"start":{"line":55,"column":11},"end":{"line":55,"column":28}},"loc":{"start":{"line":55,"column":37},"end":{"line":56,"column":null}},"line":55},"8":{"name":"(anonymous_8)","decl":{"start":{"line":73,"column":10},"end":{"line":73,"column":21}},"loc":{"start":{"line":73,"column":31},"end":{"line":74,"column":null}},"line":73},"9":{"name":"(anonymous_9)","decl":{"start":{"line":81,"column":10},"end":{"line":81,"column":21}},"loc":{"start":{"line":81,"column":31},"end":{"line":82,"column":null}},"line":81},"10":{"name":"(anonymous_10)","decl":{"start":{"line":94,"column":8},"end":{"line":94,"column":23}},"loc":{"start":{"line":94,"column":35},"end":{"line":95,"column":null}},"line":94}},"branchMap":{"0":{"loc":{"start":{"line":23,"column":15},"end":{"line":23,"column":null}},"type":"binary-expr","locations":[{"start":{"line":23,"column":15},"end":{"line":23,"column":47}},{"start":{"line":23,"column":51},"end":{"line":23,"column":null}}],"line":23},"1":{"loc":{"start":{"line":24,"column":18},"end":{"line":24,"column":null}},"type":"binary-expr","locations":[{"start":{"line":24,"column":18},"end":{"line":24,"column":43}},{"start":{"line":24,"column":47},"end":{"line":24,"column":null}}],"line":24},"2":{"loc":{"start":{"line":25,"column":16},"end":{"line":25,"column":null}},"type":"binary-expr","locations":[{"start":{"line":25,"column":16},"end":{"line":25,"column":41}},{"start":{"line":25,"column":45},"end":{"line":25,"column":null}}],"line":25},"3":{"loc":{"start":{"line":40,"column":22},"end":{"line":40,"column":44}},"type":"binary-expr","locations":[{"start":{"line":40,"column":22},"end":{"line":40,"column":42}},{"start":{"line":40,"column":42},"end":{"line":40,"column":44}}],"line":40},"4":{"loc":{"start":{"line":100,"column":7},"end":{"line":101,"column":null}},"type":"binary-expr","locations":[{"start":{"line":100,"column":7},"end":{"line":100,"column":null}},{"start":{"line":101,"column":8},"end":{"line":101,"column":null}}],"line":100}},"s":{"0":13,"1":13,"2":13,"3":13,"4":13,"5":13,"6":13,"7":13,"8":13,"9":13,"10":13,"11":13,"12":13,"13":6,"14":6,"15":13,"16":8,"17":8,"18":8,"19":8,"20":8,"21":0,"22":0,"23":0,"24":0,"25":0,"26":13,"27":1,"28":1,"29":0},"f":{"0":13,"1":6,"2":6,"3":8,"4":8,"5":0,"6":0,"7":0,"8":1,"9":1,"10":0},"b":{"0":[13,10],"1":[13,12],"2":[13,11],"3":[8,8],"4":[13,0]},"meta":{"lastBranch":5,"lastFunction":11,"lastStatement":30,"seen":{"f:13:9:13:20":0,"s:14:17:14:42":0,"s:15:17:15:42":1,"s:16:20:16:48":2,"s:17:21:17:49":3,"s:19:23:19:59":4,"s:20:8:20:32":5,"s:21:10:21:28":6,"s:23:15:23:Infinity":7,"b:23:15:23:47:23:51:23:Infinity":0,"s:24:18:24:Infinity":8,"b:24:18:24:43:24:47:24:Infinity":1,"s:25:16:25:Infinity":9,"b:25:16:25:41:25:45:25:Infinity":2,"s:26:21:26:Infinity":10,"s:27:18:27:Infinity":11,"s:30:2:32:Infinity":12,"f:30:2:30:18":1,"s:31:4:31:Infinity":13,"f:31:18:31:24":2,"s:31:33:31:55":14,"s:35:2:48:Infinity":15,"f:35:2:35:18":3,"s:36:30:36:Infinity":16,"s:37:4:47:Infinity":17,"f:38:7:38:13":4,"s:39:8:39:Infinity":18,"s:40:8:40:Infinity":19,"b:40:22:40:42:40:42:40:44":3,"s:41:8:41:Infinity":20,"f:43:7:43:19":5,"s:44:8:44:Infinity":21,"s:45:8:45:Infinity":22,"s:46:8:46:Infinity":23,"f:51:11:51:24":6,"s:52:4:52:Infinity":24,"f:55:11:55:28":7,"s:56:4:56:Infinity":25,"s:59:2:101:Infinity":26,"f:73:10:73:21":8,"s:74:12:74:Infinity":27,"f:81:10:81:21":9,"s:82:12:82:Infinity":28,"f:94:8:94:23":10,"s:95:10:95:Infinity":29,"b:100:7:100:Infinity:101:8:101:Infinity":4}}}
,"C:\\Users\\bello\\Documents\\BOW VALLEY\\REACT SODV1253\\Assignment 4\\Movie-Locker2.0\\Movie-Locker\\src\\api\\pages\\HomePage\\HomePage.module.css": {"path":"C:\\Users\\bello\\Documents\\BOW VALLEY\\REACT SODV1253\\Assignment 4\\Movie-Locker2.0\\Movie-Locker\\src\\api\\pages\\HomePage\\HomePage.module.css","statementMap":{},"fnMap":{},"branchMap":{},"s":{},"f":{},"b":{},"meta":{"lastBranch":0,"lastFunction":0,"lastStatement":0,"seen":{}}}
}
